#
# There is insufficient memory for the Java Runtime Environment to continue.
# Native memory allocation (malloc) failed to allocate 569136 bytes for Chunk::new
# Possible reasons:
#   The system is out of physical RAM or swap space
#   The process is running with CompressedOops enabled, and the Java Heap may be blocking the growth of the native heap
# Possible solutions:
#   Reduce memory load on the system
#   Increase physical memory or swap space
#   Check if swap backing store is full
#   Decrease Java heap size (-Xmx/-Xms)
#   Decrease number of Java threads
#   Decrease Java thread stack sizes (-Xss)
#   Set larger code cache with -XX:ReservedCodeCacheSize=
#   JVM is running with Zero Based Compressed Oops mode in which the Java heap is
#     placed in the first 32GB address space. The Java Heap base address is the
#     maximum limit for the native heap growth. Please use -XX:HeapBaseMinAddress
#     to set the Java Heap base and to place the Java Heap above 32GB virtual address.
# This output file may be truncated or incomplete.
#
#  Out of Memory Error (allocation.cpp:389), pid=3332, tid=0x00000000000004b0
#
# JRE version: Java(TM) SE Runtime Environment (8.0_333-b02) (build 1.8.0_333-b02)
# Java VM: Java HotSpot(TM) 64-Bit Server VM (25.333-b02 mixed mode windows-amd64 compressed oops)
# Failed to write core dump. Minidumps are not enabled by default on client versions of Windows
#

---------------  T H R E A D  ---------------

Current thread (0x0000021140301000):  JavaThread "C2 CompilerThread0" daemon [_thread_in_native, id=1200, stack(0x0000004de7f00000,0x0000004de8000000)]

Stack: [0x0000004de7f00000,0x0000004de8000000]
Native frames: (J=compiled Java code, j=interpreted, Vv=VM code, C=native code)
V  [jvm.dll+0x32fc49]
V  [jvm.dll+0x2761a2]
V  [jvm.dll+0x276e4d]
V  [jvm.dll+0x26d7f5]
V  [jvm.dll+0xd5a0c]
V  [jvm.dll+0xd620c]
V  [jvm.dll+0x4716a3]
V  [jvm.dll+0x438d60]
V  [jvm.dll+0x441d65]
V  [jvm.dll+0x441125]
V  [jvm.dll+0x42becb]
V  [jvm.dll+0xac68b]
V  [jvm.dll+0xaaceb]
V  [jvm.dll+0x23e6f2]
V  [jvm.dll+0x292edc]
C  [ucrtbase.dll+0x21bb2]
C  [KERNEL32.DLL+0x17614]
C  [ntdll.dll+0x526f1]


Current CompileTask:
C2:   3222 3517       4       com.sun.tools.javac.comp.Check::checkType (188 bytes)


---------------  P R O C E S S  ---------------

Java Threads: ( => current thread )
  0x00000211415fb000 JavaThread "Service Thread" daemon [_thread_blocked, id=3428, stack(0x0000004de8200000,0x0000004de8300000)]
  0x0000021140303800 JavaThread "C1 CompilerThread2" daemon [_thread_blocked, id=16724, stack(0x0000004de8100000,0x0000004de8200000)]
  0x0000021140302800 JavaThread "C2 CompilerThread1" daemon [_thread_in_native, id=14016, stack(0x0000004de8000000,0x0000004de8100000)]
=>0x0000021140301000 JavaThread "C2 CompilerThread0" daemon [_thread_in_native, id=1200, stack(0x0000004de7f00000,0x0000004de8000000)]
  0x00000211402ff000 JavaThread "Attach Listener" daemon [_thread_blocked, id=492, stack(0x0000004de7e00000,0x0000004de7f00000)]
  0x00000211402fe800 JavaThread "Signal Dispatcher" daemon [_thread_blocked, id=11872, stack(0x0000004de7d00000,0x0000004de7e00000)]
  0x000002114026d000 JavaThread "Finalizer" daemon [_thread_blocked, id=2700, stack(0x0000004de7c00000,0x0000004de7d00000)]
  0x000002114025e000 JavaThread "Reference Handler" daemon [_thread_blocked, id=816, stack(0x0000004de7b00000,0x0000004de7c00000)]
  0x00000211254a7000 JavaThread "main" [_thread_in_native, id=1048, stack(0x0000004de7500000,0x0000004de7600000)]

Other Threads:
  0x0000021140233000 VMThread [stack: 0x0000004de7a00000,0x0000004de7b00000] [id=16620]
  0x0000021141612000 WatcherThread [stack: 0x0000004de8300000,0x0000004de8400000] [id=11972]

VM state:not at safepoint (normal execution)

VM Mutex/Monitor currently owned by a thread: None

heap address: 0x00000006c0000000, size: 4096 MB, Compressed Oops mode: Zero based, Oop shift amount: 3
Narrow klass base: 0x0000000000000000, Narrow klass shift: 3
Compressed class space size: 1073741824 Address: 0x00000007c0000000

Heap:
 PSYoungGen      total 76288K, used 23930K [0x000000076ab00000, 0x0000000770000000, 0x00000007c0000000)
  eden space 65536K, 36% used [0x000000076ab00000,0x000000076c25e850,0x000000076eb00000)
  from space 10752K, 0% used [0x000000076f580000,0x000000076f580000,0x0000000770000000)
  to   space 10752K, 0% used [0x000000076eb00000,0x000000076eb00000,0x000000076f580000)
 ParOldGen       total 117760K, used 18528K [0x00000006c0000000, 0x00000006c7300000, 0x000000076ab00000)
  object space 117760K, 15% used [0x00000006c0000000,0x00000006c1218350,0x00000006c7300000)
 Metaspace       used 16641K, capacity 17078K, committed 17408K, reserved 1069056K
  class space    used 1832K, capacity 1949K, committed 2048K, reserved 1048576K

Card table byte_map: [0x00000211362c0000,0x0000021136ad0000] byte_map_base: 0x0000021132cc0000

Marking Bits: (ParMarkBitMap*) 0x0000000068119030
 Begin Bits: [0x0000021137030000, 0x000002113b030000)
 End Bits:   [0x000002113b030000, 0x000002113f030000)

Polling page: 0x0000021125720000

CodeCache: size=245760Kb used=13838Kb max_used=13838Kb free=231921Kb
 bounds [0x0000021126f00000, 0x0000021127c90000, 0x0000021135f00000]
 total_blobs=4196 nmethods=3816 adapters=291
 compilation: enabled

Compilation events (10 events):
Event: 3.005 Thread 0x0000021140303800 3618       2       com.sun.tools.javac.jvm.Gen::callMethod (70 bytes)
Event: 3.006 Thread 0x0000021140303800 nmethod 3618 0x0000021127be9010 code [0x0000021127be91c0, 0x0000021127be9690]
Event: 3.006 Thread 0x0000021140303800 3619       2       com.sun.tools.javac.jvm.ClassWriter::writeMemberAttrs (154 bytes)
Event: 3.007 Thread 0x0000021140303800 nmethod 3619 0x0000021127be9b10 code [0x0000021127be9dc0, 0x0000021127bea710]
Event: 3.008 Thread 0x0000021140303800 3620       2       com.sun.tools.javac.jvm.ClassWriter::beginAttrs (16 bytes)
Event: 3.008 Thread 0x0000021140303800 nmethod 3620 0x0000021127beb3d0 code [0x0000021127beb540, 0x0000021127beb6f0]
Event: 3.008 Thread 0x0000021140303800 3621       2       com.sun.tools.javac.jvm.ClassWriter::writeTypeAnnotations (378 bytes)
Event: 3.009 Thread 0x0000021140303800 nmethod 3621 0x0000021127beb7d0 code [0x0000021127bebb80, 0x0000021127beceb0]
Event: 3.009 Thread 0x0000021140303800 3622       2       com.sun.tools.javac.code.Type::getTypeArguments (4 bytes)
Event: 3.010 Thread 0x0000021140303800 nmethod 3622 0x0000021127bee3d0 code [0x0000021127bee520, 0x0000021127bee678]

GC Heap History (10 events):
Event: 1.789 GC heap before
{Heap before GC invocations=3 (full 1):
 PSYoungGen      total 76288K, used 65536K [0x000000076ab00000, 0x0000000770000000, 0x00000007c0000000)
  eden space 65536K, 100% used [0x000000076ab00000,0x000000076eb00000,0x000000076eb00000)
  from space 10752K, 0% used [0x000000076eb00000,0x000000076eb00000,0x000000076f580000)
  to   space 10752K, 0% used [0x000000076f580000,0x000000076f580000,0x0000000770000000)
 ParOldGen       total 117760K, used 3528K [0x00000006c0000000, 0x00000006c7300000, 0x000000076ab00000)
  object space 117760K, 2% used [0x00000006c0000000,0x00000006c0372000,0x00000006c7300000)
 Metaspace       used 14100K, capacity 14604K, committed 14848K, reserved 1062912K
  class space    used 1652K, capacity 1764K, committed 1792K, reserved 1048576K
Event: 1.812 GC heap after
Heap after GC invocations=3 (full 1):
 PSYoungGen      total 76288K, used 10730K [0x000000076ab00000, 0x0000000770000000, 0x00000007c0000000)
  eden space 65536K, 0% used [0x000000076ab00000,0x000000076ab00000,0x000000076eb00000)
  from space 10752K, 99% used [0x000000076f580000,0x000000076fffa9a0,0x0000000770000000)
  to   space 10752K, 0% used [0x000000076eb00000,0x000000076eb00000,0x000000076f580000)
 ParOldGen       total 117760K, used 7350K [0x00000006c0000000, 0x00000006c7300000, 0x000000076ab00000)
  object space 117760K, 6% used [0x00000006c0000000,0x00000006c072d940,0x00000006c7300000)
 Metaspace       used 14100K, capacity 14604K, committed 14848K, reserved 1062912K
  class space    used 1652K, capacity 1764K, committed 1792K, reserved 1048576K
}
Event: 2.735 GC heap before
{Heap before GC invocations=4 (full 1):
 PSYoungGen      total 76288K, used 71749K [0x000000076ab00000, 0x0000000770000000, 0x00000007c0000000)
  eden space 65536K, 93% used [0x000000076ab00000,0x000000076e696ba8,0x000000076eb00000)
  from space 10752K, 99% used [0x000000076f580000,0x000000076fffa9a0,0x0000000770000000)
  to   space 10752K, 0% used [0x000000076eb00000,0x000000076eb00000,0x000000076f580000)
 ParOldGen       total 117760K, used 7350K [0x00000006c0000000, 0x00000006c7300000, 0x000000076ab00000)
  object space 117760K, 6% used [0x00000006c0000000,0x00000006c072d940,0x00000006c7300000)
 Metaspace       used 16304K, capacity 16780K, committed 16896K, reserved 1069056K
  class space    used 1818K, capacity 1956K, committed 2048K, reserved 1048576K
Event: 2.750 GC heap after
Heap after GC invocations=4 (full 1):
 PSYoungGen      total 76288K, used 10741K [0x000000076ab00000, 0x0000000770000000, 0x00000007c0000000)
  eden space 65536K, 0% used [0x000000076ab00000,0x000000076ab00000,0x000000076eb00000)
  from space 10752K, 99% used [0x000000076eb00000,0x000000076f57d6d8,0x000000076f580000)
  to   space 10752K, 0% used [0x000000076f580000,0x000000076f580000,0x0000000770000000)
 ParOldGen       total 117760K, used 13060K [0x00000006c0000000, 0x00000006c7300000, 0x000000076ab00000)
  object space 117760K, 11% used [0x00000006c0000000,0x00000006c0cc12e8,0x00000006c7300000)
 Metaspace       used 16304K, capacity 16780K, committed 16896K, reserved 1069056K
  class space    used 1818K, capacity 1956K, committed 2048K, reserved 1048576K
}
Event: 2.750 GC heap before
{Heap before GC invocations=5 (full 2):
 PSYoungGen      total 76288K, used 10741K [0x000000076ab00000, 0x0000000770000000, 0x00000007c0000000)
  eden space 65536K, 0% used [0x000000076ab00000,0x000000076ab00000,0x000000076eb00000)
  from space 10752K, 99% used [0x000000076eb00000,0x000000076f57d6d8,0x000000076f580000)
  to   space 10752K, 0% used [0x000000076f580000,0x000000076f580000,0x0000000770000000)
 ParOldGen       total 117760K, used 13060K [0x00000006c0000000, 0x00000006c7300000, 0x000000076ab00000)
  object space 117760K, 11% used [0x00000006c0000000,0x00000006c0cc12e8,0x00000006c7300000)
 Metaspace       used 16304K, capacity 16780K, committed 16896K, reserved 1069056K
  class space    used 1818K, capacity 1956K, committed 2048K, reserved 1048576K
Event: 2.818 GC heap after
Heap after GC invocations=5 (full 2):
 PSYoungGen      total 76288K, used 0K [0x000000076ab00000, 0x0000000770000000, 0x00000007c0000000)
  eden space 65536K, 0% used [0x000000076ab00000,0x000000076ab00000,0x000000076eb00000)
  from space 10752K, 0% used [0x000000076eb00000,0x000000076eb00000,0x000000076f580000)
  to   space 10752K, 0% used [0x000000076f580000,0x000000076f580000,0x0000000770000000)
 ParOldGen       total 117760K, used 19680K [0x00000006c0000000, 0x00000006c7300000, 0x000000076ab00000)
  object space 117760K, 16% used [0x00000006c0000000,0x00000006c1338028,0x00000006c7300000)
 Metaspace       used 16304K, capacity 16780K, committed 16896K, reserved 1067008K
  class space    used 1818K, capacity 1956K, committed 2048K, reserved 1048576K
}
Event: 2.818 GC heap before
{Heap before GC invocations=6 (full 2):
 PSYoungGen      total 76288K, used 0K [0x000000076ab00000, 0x0000000770000000, 0x00000007c0000000)
  eden space 65536K, 0% used [0x000000076ab00000,0x000000076ab00000,0x000000076eb00000)
  from space 10752K, 0% used [0x000000076eb00000,0x000000076eb00000,0x000000076f580000)
  to   space 10752K, 0% used [0x000000076f580000,0x000000076f580000,0x0000000770000000)
 ParOldGen       total 117760K, used 19680K [0x00000006c0000000, 0x00000006c7300000, 0x000000076ab00000)
  object space 117760K, 16% used [0x00000006c0000000,0x00000006c1338028,0x00000006c7300000)
 Metaspace       used 16304K, capacity 16780K, committed 16896K, reserved 1071104K
  class space    used 1818K, capacity 1956K, committed 2048K, reserved 1048576K
Event: 2.819 GC heap after
Heap after GC invocations=6 (full 2):
 PSYoungGen      total 76288K, used 0K [0x000000076ab00000, 0x0000000770000000, 0x00000007c0000000)
  eden space 65536K, 0% used [0x000000076ab00000,0x000000076ab00000,0x000000076eb00000)
  from space 10752K, 0% used [0x000000076f580000,0x000000076f580000,0x0000000770000000)
  to   space 10752K, 0% used [0x000000076eb00000,0x000000076eb00000,0x000000076f580000)
 ParOldGen       total 117760K, used 19680K [0x00000006c0000000, 0x00000006c7300000, 0x000000076ab00000)
  object space 117760K, 16% used [0x00000006c0000000,0x00000006c1338028,0x00000006c7300000)
 Metaspace       used 16304K, capacity 16780K, committed 16896K, reserved 1071104K
  class space    used 1818K, capacity 1956K, committed 2048K, reserved 1048576K
}
Event: 2.819 GC heap before
{Heap before GC invocations=7 (full 3):
 PSYoungGen      total 76288K, used 0K [0x000000076ab00000, 0x0000000770000000, 0x00000007c0000000)
  eden space 65536K, 0% used [0x000000076ab00000,0x000000076ab00000,0x000000076eb00000)
  from space 10752K, 0% used [0x000000076f580000,0x000000076f580000,0x0000000770000000)
  to   space 10752K, 0% used [0x000000076eb00000,0x000000076eb00000,0x000000076f580000)
 ParOldGen       total 117760K, used 19680K [0x00000006c0000000, 0x00000006c7300000, 0x000000076ab00000)
  object space 117760K, 16% used [0x00000006c0000000,0x00000006c1338028,0x00000006c7300000)
 Metaspace       used 16304K, capacity 16780K, committed 16896K, reserved 1071104K
  class space    used 1818K, capacity 1956K, committed 2048K, reserved 1048576K
Event: 2.926 GC heap after
Heap after GC invocations=7 (full 3):
 PSYoungGen      total 76288K, used 0K [0x000000076ab00000, 0x0000000770000000, 0x00000007c0000000)
  eden space 65536K, 0% used [0x000000076ab00000,0x000000076ab00000,0x000000076eb00000)
  from space 10752K, 0% used [0x000000076f580000,0x000000076f580000,0x0000000770000000)
  to   space 10752K, 0% used [0x000000076eb00000,0x000000076eb00000,0x000000076f580000)
 ParOldGen       total 117760K, used 18528K [0x00000006c0000000, 0x00000006c7300000, 0x000000076ab00000)
  object space 117760K, 15% used [0x00000006c0000000,0x00000006c1218350,0x00000006c7300000)
 Metaspace       used 16291K, capacity 16758K, committed 16896K, reserved 1067008K
  class space    used 1814K, capacity 1949K, committed 2048K, reserved 1048576K
}

Deoptimization events (10 events):
Event: 2.943 Thread 0x00000211254a7000 Uncommon trap: reason=unstable_if action=reinterpret pc=0x000002112763f9e4 method=java.lang.ref.SoftReference.get()Ljava/lang/Object; @ 6
Event: 2.965 Thread 0x00000211254a7000 Uncommon trap: reason=unstable_if action=reinterpret pc=0x000002112799b5d8 method=com.sun.tools.javac.code.Types$Subst.<init>(Lcom/sun/tools/javac/code/Types;Lcom/sun/tools/javac/util/List;Lcom/sun/tools/javac/util/List;)V @ 25
Event: 2.966 Thread 0x00000211254a7000 Uncommon trap: reason=bimorphic action=maybe_recompile pc=0x00000211279f0614 method=com.sun.tools.javac.code.Types.rank(Lcom/sun/tools/javac/code/Type;)I @ 1
Event: 2.967 Thread 0x00000211254a7000 Uncommon trap: reason=class_check action=maybe_recompile pc=0x0000021127a5a8fc method=com.sun.tools.javac.code.Types.isSubtypeUncheckedInternal(Lcom/sun/tools/javac/code/Type;Lcom/sun/tools/javac/code/Type;Lcom/sun/tools/javac/util/Warner;)Z @ 159
Event: 2.967 Thread 0x00000211254a7000 Uncommon trap: reason=class_check action=maybe_recompile pc=0x0000021127a5a8fc method=com.sun.tools.javac.code.Types.isSubtypeUncheckedInternal(Lcom/sun/tools/javac/code/Type;Lcom/sun/tools/javac/code/Type;Lcom/sun/tools/javac/util/Warner;)Z @ 159
Event: 2.967 Thread 0x00000211254a7000 Uncommon trap: reason=class_check action=maybe_recompile pc=0x0000021127a5a8fc method=com.sun.tools.javac.code.Types.isSubtypeUncheckedInternal(Lcom/sun/tools/javac/code/Type;Lcom/sun/tools/javac/code/Type;Lcom/sun/tools/javac/util/Warner;)Z @ 159
Event: 2.995 Thread 0x00000211254a7000 Uncommon trap: reason=class_check action=maybe_recompile pc=0x0000021127a5a6fc method=com.sun.tools.javac.code.Types.isSubtypeUncheckedInternal(Lcom/sun/tools/javac/code/Type;Lcom/sun/tools/javac/code/Type;Lcom/sun/tools/javac/util/Warner;)Z @ 37
Event: 2.995 Thread 0x00000211254a7000 Uncommon trap: reason=class_check action=maybe_recompile pc=0x0000021127a5a6fc method=com.sun.tools.javac.code.Types.isSubtypeUncheckedInternal(Lcom/sun/tools/javac/code/Type;Lcom/sun/tools/javac/code/Type;Lcom/sun/tools/javac/util/Warner;)Z @ 37
Event: 3.008 Thread 0x00000211254a7000 Uncommon trap: reason=unstable_if action=reinterpret pc=0x0000021127bda63c method=com.sun.tools.javac.code.Types.capture(Lcom/sun/tools/javac/code/Type;)Lcom/sun/tools/javac/code/Type; @ 19
Event: 3.008 Thread 0x00000211254a7000 Uncommon trap: reason=class_check action=maybe_recompile pc=0x0000021127913e9c method=com.sun.tools.javac.code.Type$ClassType.allparams()Lcom/sun/tools/javac/util/List; @ 16

Classes redefined (0 events):
No events

Internal exceptions (10 events):
Event: 1.684 Thread 0x00000211254a7000 Exception <a 'java/io/FileNotFoundException'> (0x000000076e4de388) thrown at [C:\jenkins\workspace\8-2-build-windows-amd64-cygwin\jdk8u333\2551\hotspot\src\share\vm\prims\jni.cpp, line 710]
Event: 1.684 Thread 0x00000211254a7000 Exception <a 'java/io/FileNotFoundException'> (0x000000076e4df3f0) thrown at [C:\jenkins\workspace\8-2-build-windows-amd64-cygwin\jdk8u333\2551\hotspot\src\share\vm\prims\jni.cpp, line 710]
Event: 1.685 Thread 0x00000211254a7000 Exception <a 'java/io/FileNotFoundException'> (0x000000076e4e0490) thrown at [C:\jenkins\workspace\8-2-build-windows-amd64-cygwin\jdk8u333\2551\hotspot\src\share\vm\prims\jni.cpp, line 710]
Event: 1.685 Thread 0x00000211254a7000 Exception <a 'java/io/FileNotFoundException'> (0x000000076e4e1568) thrown at [C:\jenkins\workspace\8-2-build-windows-amd64-cygwin\jdk8u333\2551\hotspot\src\share\vm\prims\jni.cpp, line 710]
Event: 1.685 Thread 0x00000211254a7000 Exception <a 'java/io/FileNotFoundException'> (0x000000076e4e2638) thrown at [C:\jenkins\workspace\8-2-build-windows-amd64-cygwin\jdk8u333\2551\hotspot\src\share\vm\prims\jni.cpp, line 710]
Event: 1.685 Thread 0x00000211254a7000 Exception <a 'java/io/FileNotFoundException'> (0x000000076e4e3790) thrown at [C:\jenkins\workspace\8-2-build-windows-amd64-cygwin\jdk8u333\2551\hotspot\src\share\vm\prims\jni.cpp, line 710]
Event: 1.685 Thread 0x00000211254a7000 Exception <a 'java/io/FileNotFoundException'> (0x000000076e4e4988) thrown at [C:\jenkins\workspace\8-2-build-windows-amd64-cygwin\jdk8u333\2551\hotspot\src\share\vm\prims\jni.cpp, line 710]
Event: 2.635 Thread 0x00000211254a7000 Implicit null exception at 0x000002112795a595 to 0x000002112795a7d5
Event: 2.635 Thread 0x00000211254a7000 Implicit null exception at 0x000002112720d3af to 0x000002112720d449
Event: 2.943 Thread 0x00000211254a7000 Implicit null exception at 0x000002112763f362 to 0x000002112763f9c1

Events (10 events):
Event: 2.995 Thread 0x00000211254a7000 DEOPT UNPACKING pc=0x0000021126f45603 sp=0x0000004de75faad0 mode 2
Event: 2.995 Thread 0x00000211254a7000 Uncommon trap: trap_request=0xffffffde fr.pc=0x0000021127a5a6fc
Event: 2.995 Thread 0x00000211254a7000 DEOPT PACKING pc=0x0000021127a5a6fc sp=0x0000004de75fac60
Event: 2.995 Thread 0x00000211254a7000 DEOPT UNPACKING pc=0x0000021126f45603 sp=0x0000004de75fac40 mode 2
Event: 3.008 Thread 0x00000211254a7000 Uncommon trap: trap_request=0xffffff65 fr.pc=0x0000021127bda63c
Event: 3.008 Thread 0x00000211254a7000 DEOPT PACKING pc=0x0000021127bda63c sp=0x0000004de75fcea0
Event: 3.008 Thread 0x00000211254a7000 DEOPT UNPACKING pc=0x0000021126f45603 sp=0x0000004de75fce50 mode 2
Event: 3.008 Thread 0x00000211254a7000 Uncommon trap: trap_request=0xffffffde fr.pc=0x0000021127913e9c
Event: 3.008 Thread 0x00000211254a7000 DEOPT PACKING pc=0x0000021127913e9c sp=0x0000004de75fce20
Event: 3.008 Thread 0x00000211254a7000 DEOPT UNPACKING pc=0x0000021126f45603 sp=0x0000004de75fcdc0 mode 2


Dynamic libraries:
0x00007ff64ad30000 - 0x00007ff64ad77000 	C:\Program Files\Java\jdk1.8.0_333\bin\java.exe
0x00007ffd046b0000 - 0x00007ffd048a8000 	C:\WINDOWS\SYSTEM32\ntdll.dll
0x00007ffd02900000 - 0x00007ffd029bf000 	C:\WINDOWS\System32\KERNEL32.DLL
0x00007ffd01ee0000 - 0x00007ffd021d6000 	C:\WINDOWS\System32\KERNELBASE.dll
0x00007ffd030b0000 - 0x00007ffd0315f000 	C:\WINDOWS\System32\ADVAPI32.dll
0x00007ffd03310000 - 0x00007ffd033ae000 	C:\WINDOWS\System32\msvcrt.dll
0x00007ffd03720000 - 0x00007ffd037bc000 	C:\WINDOWS\System32\sechost.dll
0x00007ffd02f20000 - 0x00007ffd03046000 	C:\WINDOWS\System32\RPCRT4.dll
0x00007ffd03580000 - 0x00007ffd0371d000 	C:\WINDOWS\System32\USER32.dll
0x00007ffd02670000 - 0x00007ffd02692000 	C:\WINDOWS\System32\win32u.dll
0x00007ffd03480000 - 0x00007ffd034ac000 	C:\WINDOWS\System32\GDI32.dll
0x00007ffd01dc0000 - 0x00007ffd01ed5000 	C:\WINDOWS\System32\gdi32full.dll
0x00007ffd025d0000 - 0x00007ffd0266d000 	C:\WINDOWS\System32\msvcp_win.dll
0x00007ffd021e0000 - 0x00007ffd022e0000 	C:\WINDOWS\System32\ucrtbase.dll
0x00007ffcff850000 - 0x00007ffcffaea000 	C:\WINDOWS\WinSxS\amd64_microsoft.windows.common-controls_6595b64144ccf1df_6.0.19041.1110_none_60b5254171f9507e\COMCTL32.dll
0x00007ffd03450000 - 0x00007ffd03480000 	C:\WINDOWS\System32\IMM32.DLL
0x00007ffd01ba0000 - 0x00007ffd01bd8000 	C:\Program Files\Citrix\System32\MfApHook64.dll
0x00007ffd01ad0000 - 0x00007ffd01ae2000 	C:\Program Files\Citrix\IcaService\FullScreenHook64.dll
0x00007ffd01a20000 - 0x00007ffd01aad000 	C:\WINDOWS\SYSTEM32\MSVCP140.dll
0x00007ffcd1fd0000 - 0x00007ffcd1fe5000 	C:\Program Files\Java\jdk1.8.0_333\bin\VCRUNTIME140.dll
0x00007ffd01a10000 - 0x00007ffd01a1c000 	C:\WINDOWS\SYSTEM32\VCRUNTIME140_1.dll
0x00007ffd015b0000 - 0x00007ffd015da000 	C:\Program Files\Citrix\ICAService\ShellHook64.dll
0x00007ffd03050000 - 0x00007ffd030a5000 	C:\WINDOWS\System32\SHLWAPI.dll
0x00007ffd01480000 - 0x00007ffd0158f000 	C:\Program Files\Citrix\IcaService\SCardHook64.dll
0x00007ffd01190000 - 0x00007ffd011b0000 	C:\Program Files\Citrix\ICAService\cxinjime64.dll
0x00007ffd01160000 - 0x00007ffd01186000 	C:\Program Files\Citrix\ICAService\PicaWtsHook64.dll
0x00007ffcb0290000 - 0x00007ffcb02a5000 	C:\Program Files\Java\jdk1.8.0_333\jre\bin\vcruntime140.dll
0x00007ffca0ad0000 - 0x00007ffca0b6b000 	C:\Program Files\Java\jdk1.8.0_333\jre\bin\msvcp140.dll
0x0000000067930000 - 0x0000000068191000 	C:\Program Files\Java\jdk1.8.0_333\jre\bin\server\jvm.dll
0x00007ffd04210000 - 0x00007ffd04218000 	C:\WINDOWS\System32\PSAPI.DLL
0x00007ffce8b20000 - 0x00007ffce8b29000 	C:\WINDOWS\SYSTEM32\WSOCK32.dll
0x00007ffd01980000 - 0x00007ffd0198a000 	C:\WINDOWS\SYSTEM32\VERSION.dll
0x00007ffcfaaf0000 - 0x00007ffcfab17000 	C:\WINDOWS\SYSTEM32\WINMM.dll
0x00007ffd033e0000 - 0x00007ffd0344b000 	C:\WINDOWS\System32\WS2_32.dll
0x00007ffcffda0000 - 0x00007ffcffdb2000 	C:\WINDOWS\SYSTEM32\kernel.appcore.dll
0x00007ffcf7120000 - 0x00007ffcf7130000 	C:\Program Files\Java\jdk1.8.0_333\jre\bin\verify.dll
0x00007ffcafcc0000 - 0x00007ffcafceb000 	C:\Program Files\Java\jdk1.8.0_333\jre\bin\java.dll
0x00007ffcafa80000 - 0x00007ffcafa98000 	C:\Program Files\Java\jdk1.8.0_333\jre\bin\zip.dll
0x00007ffd03ac0000 - 0x00007ffd04204000 	C:\WINDOWS\System32\SHELL32.dll
0x00007ffcfe280000 - 0x00007ffcfea13000 	C:\WINDOWS\SYSTEM32\windows.storage.dll
0x00007ffd04310000 - 0x00007ffd04664000 	C:\WINDOWS\System32\combase.dll
0x00007ffd00fb0000 - 0x00007ffd00fde000 	C:\WINDOWS\SYSTEM32\Wldp.dll
0x00007ffd03a10000 - 0x00007ffd03abd000 	C:\WINDOWS\System32\SHCORE.dll
0x00007ffd01cd0000 - 0x00007ffd01cef000 	C:\WINDOWS\SYSTEM32\profapi.dll
0x00007ffcad070000 - 0x00007ffcad08c000 	C:\Program Files\Java\jdk1.8.0_333\jre\bin\net.dll
0x00007ffd00c50000 - 0x00007ffd00cba000 	C:\WINDOWS\system32\mswsock.dll
0x00007ffcac9d0000 - 0x00007ffcac9e3000 	C:\Program Files\Java\jdk1.8.0_333\jre\bin\nio.dll
0x00007ffcff3c0000 - 0x00007ffcff5a4000 	C:\WINDOWS\SYSTEM32\dbghelp.dll

VM Arguments:
jvm_args: -Djava.security.manager=allow -Dant.home=C:\Users\eygftcl\Documents\apache-ant-1.10.13\bin\.. 
java_command: org.apache.tools.ant.launch.Launcher -f build_mck.xml\
java_class_path (initial): C:\Users\eygftcl\Documents\apache-ant-1.10.13\bin\..\lib\ant-launcher.jar
Launcher Type: SUN_STANDARD

Environment Variables:
JAVA_HOME=C:\Program Files\Java\jdk1.8.0_333
PATH=C:\Informatica\10.5.2\clients\tools\datadirect;C:\Informatica\10.5.2\clients\tools\odbcdrv;C:\Informatica\10.5.2\clients\tools\jdbcdrv;C:\Informatica\10.5.2\clients\tools\sharedlibs;C:\Program Files (x86)\Common Files\Oracle\Java\javapath;C:\WINDOWS\system32;C:\WINDOWS;C:\WINDOWS\System32\Wbem;C:\WINDOWS\System32\WindowsPowerShell\v1.0\;C:\WINDOWS\System32\OpenSSH\;C:\Program Files\Citrix\System32\;C:\Program Files\Citrix\ICAService\;C:\Program Files\PuTTY\;C:\Users\eygftcl\Documents\apache-ant-1.10.13\bin;C:\Users\eygftcl\AppData\Local\Microsoft\WindowsApps;
USERNAME=eygftcl
OS=Windows_NT
PROCESSOR_IDENTIFIER=Intel64 Family 6 Model 85 Stepping 4, GenuineIntel



---------------  S Y S T E M  ---------------

OS: Windows 10 , 64 bit Build 19041 (10.0.19041.3031)

CPU:total 4 (initial active 4) (4 cores per cpu, 1 threads per core) family 6 model 85 stepping 4, cmov, cx8, fxsr, mmx, sse, sse2, sse3, ssse3, sse4.1, sse4.2, popcnt, avx, avx2, aes, clmul, erms, rtm, 3dnowpref, lzcnt, tsc, bmi1, bmi2, adx

Memory: 4k page, physical 16776756k(5280812k free), swap 20970800k(3316k free)

vm_info: Java HotSpot(TM) 64-Bit Server VM (25.333-b02) for windows-amd64 JRE (1.8.0_333-b02), built on Apr 25 2022 22:49:11 by "java_re" with MS VC++ 15.9 (VS2017)

time: Wed Jul  5 18:47:51 2023
timezone: Eastern Daylight Time
elapsed time: 3.227229 seconds (0d 0h 0m 3s)

