#
# There is insufficient memory for the Java Runtime Environment to continue.
# Native memory allocation (malloc) failed to allocate 782256 bytes for Chunk::new
# Possible reasons:
#   The system is out of physical RAM or swap space
#   The process is running with CompressedOops enabled, and the Java Heap may be blocking the growth of the native heap
# Possible solutions:
#   Reduce memory load on the system
#   Increase physical memory or swap space
#   Check if swap backing store is full
#   Decrease Java heap size (-Xmx/-Xms)
#   Decrease number of Java threads
#   Decrease Java thread stack sizes (-Xss)
#   Set larger code cache with -XX:ReservedCodeCacheSize=
#   JVM is running with Zero Based Compressed Oops mode in which the Java heap is
#     placed in the first 32GB address space. The Java Heap base address is the
#     maximum limit for the native heap growth. Please use -XX:HeapBaseMinAddress
#     to set the Java Heap base and to place the Java Heap above 32GB virtual address.
# This output file may be truncated or incomplete.
#
#  Out of Memory Error (allocation.cpp:389), pid=10476, tid=0x0000000000003c4c
#
# JRE version: Java(TM) SE Runtime Environment (8.0_333-b02) (build 1.8.0_333-b02)
# Java VM: Java HotSpot(TM) 64-Bit Server VM (25.333-b02 mixed mode windows-amd64 compressed oops)
# Failed to write core dump. Minidumps are not enabled by default on client versions of Windows
#

---------------  T H R E A D  ---------------

Current thread (0x0000014c40fb2800):  JavaThread "C2 CompilerThread1" daemon [_thread_in_native, id=15436, stack(0x00000013f8400000,0x00000013f8500000)]

Stack: [0x00000013f8400000,0x00000013f8500000]
Native frames: (J=compiled Java code, j=interpreted, Vv=VM code, C=native code)
V  [jvm.dll+0x32fc49]
V  [jvm.dll+0x2761a2]
V  [jvm.dll+0x276e4d]
V  [jvm.dll+0x26d7f5]
V  [jvm.dll+0xd5a0c]
V  [jvm.dll+0xd620c]
V  [jvm.dll+0x4716a3]
V  [jvm.dll+0x438d60]
V  [jvm.dll+0x441d65]
V  [jvm.dll+0x441125]
V  [jvm.dll+0x42becb]
V  [jvm.dll+0xac68b]
V  [jvm.dll+0xaaceb]
V  [jvm.dll+0x23e6f2]
V  [jvm.dll+0x292edc]
C  [ucrtbase.dll+0x21bb2]
C  [KERNEL32.DLL+0x17614]
C  [ntdll.dll+0x526f1]


Current CompileTask:
C2:    914 1052   !   4       sun.misc.URLClassPath$JarLoader::getResource (353 bytes)


---------------  P R O C E S S  ---------------

Java Threads: ( => current thread )
  0x0000014c4102b800 JavaThread "Service Thread" daemon [_thread_blocked, id=11496, stack(0x00000013f8600000,0x00000013f8700000)]
  0x0000014c40fb3800 JavaThread "C1 CompilerThread2" daemon [_thread_blocked, id=5892, stack(0x00000013f8500000,0x00000013f8600000)]
=>0x0000014c40fb2800 JavaThread "C2 CompilerThread1" daemon [_thread_in_native, id=15436, stack(0x00000013f8400000,0x00000013f8500000)]
  0x0000014c40fb1800 JavaThread "C2 CompilerThread0" daemon [_thread_blocked, id=3776, stack(0x00000013f8300000,0x00000013f8400000)]
  0x0000014c40faf000 JavaThread "Attach Listener" daemon [_thread_blocked, id=16972, stack(0x00000013f8200000,0x00000013f8300000)]
  0x0000014c40fae800 JavaThread "Signal Dispatcher" daemon [_thread_blocked, id=17188, stack(0x00000013f8100000,0x00000013f8200000)]
  0x0000014c40f1c000 JavaThread "Finalizer" daemon [_thread_blocked, id=9084, stack(0x00000013f8000000,0x00000013f8100000)]
  0x0000014c40f12800 JavaThread "Reference Handler" daemon [_thread_blocked, id=13288, stack(0x00000013f7f00000,0x00000013f8000000)]
  0x0000014c26167000 JavaThread "main" [_thread_in_native, id=12248, stack(0x00000013f7900000,0x00000013f7a00000)]

Other Threads:
  0x0000014c40ee4000 VMThread [stack: 0x00000013f7e00000,0x00000013f7f00000] [id=15028]
  0x0000014c422b1800 WatcherThread [stack: 0x00000013f8700000,0x00000013f8800000] [id=664]

VM state:not at safepoint (normal execution)

VM Mutex/Monitor currently owned by a thread: None

heap address: 0x00000006c0000000, size: 4096 MB, Compressed Oops mode: Zero based, Oop shift amount: 3
Narrow klass base: 0x0000000000000000, Narrow klass shift: 3
Compressed class space size: 1073741824 Address: 0x00000007c0000000

Heap:
 PSYoungGen      total 76288K, used 38018K [0x000000076ab00000, 0x0000000770000000, 0x00000007c0000000)
  eden space 65536K, 58% used [0x000000076ab00000,0x000000076d020bc0,0x000000076eb00000)
  from space 10752K, 0% used [0x000000076f580000,0x000000076f580000,0x0000000770000000)
  to   space 10752K, 0% used [0x000000076eb00000,0x000000076eb00000,0x000000076f580000)
 ParOldGen       total 175104K, used 0K [0x00000006c0000000, 0x00000006cab00000, 0x000000076ab00000)
  object space 175104K, 0% used [0x00000006c0000000,0x00000006c0000000,0x00000006cab00000)
 Metaspace       used 9596K, capacity 10026K, committed 10240K, reserved 1058816K
  class space    used 1094K, capacity 1201K, committed 1280K, reserved 1048576K

Card table byte_map: [0x0000014c36f70000,0x0000014c37780000] byte_map_base: 0x0000014c33970000

Marking Bits: (ParMarkBitMap*) 0x0000000068119030
 Begin Bits: [0x0000014c37ce0000, 0x0000014c3bce0000)
 End Bits:   [0x0000014c3bce0000, 0x0000014c3fce0000)

Polling page: 0x0000014c26390000

CodeCache: size=245760Kb used=4319Kb max_used=4320Kb free=241440Kb
 bounds [0x0000014c27bb0000, 0x0000014c27ff0000, 0x0000014c36bb0000]
 total_blobs=1588 nmethods=1245 adapters=256
 compilation: enabled

Compilation events (10 events):
Event: 0.884 Thread 0x0000014c40fb3800 1203       3       java.io.File::getAbsolutePath (8 bytes)
Event: 0.884 Thread 0x0000014c40fb3800 nmethod 1203 0x0000014c27fcc590 code [0x0000014c27fcc700, 0x0000014c27fcc8b0]
Event: 0.885 Thread 0x0000014c40fb3800 1204       3       org.apache.tools.ant.util.FileUtils::normalize (184 bytes)
Event: 0.886 Thread 0x0000014c40fb3800 nmethod 1204 0x0000014c27fcfc90 code [0x0000014c27fd0060, 0x0000014c27fd2b30]
Event: 0.886 Thread 0x0000014c40fb3800 1207       3       java.util.HashSet::<init> (16 bytes)
Event: 0.886 Thread 0x0000014c40fb3800 nmethod 1207 0x0000014c27fd4010 code [0x0000014c27fd41a0, 0x0000014c27fd45b8]
Event: 0.886 Thread 0x0000014c40fb3800 1206       1       org.apache.tools.ant.types.resources.LazyResourceCollectionWrapper::access$000 (5 bytes)
Event: 0.887 Thread 0x0000014c40fb3800 nmethod 1206 0x0000014c27fd4790 code [0x0000014c27fd48e0, 0x0000014c27fd49d8]
Event: 0.887 Thread 0x0000014c40fb3800 1205       3       java.io.File::<init> (47 bytes)
Event: 0.887 Thread 0x0000014c40fb3800 nmethod 1205 0x0000014c27fd4a50 code [0x0000014c27fd4be0, 0x0000014c27fd4f50]

GC Heap History (0 events):
No events

Deoptimization events (10 events):
Event: 0.811 Thread 0x0000014c26167000 Uncommon trap: reason=bimorphic action=maybe_recompile pc=0x0000014c27f23268 method=java.util.stream.AbstractPipeline.<init>(Ljava/util/stream/AbstractPipeline;I)V @ 66
Event: 0.812 Thread 0x0000014c26167000 Uncommon trap: reason=bimorphic action=maybe_recompile pc=0x0000014c27f23268 method=java.util.stream.AbstractPipeline.<init>(Ljava/util/stream/AbstractPipeline;I)V @ 66
Event: 0.813 Thread 0x0000014c26167000 Uncommon trap: reason=bimorphic action=maybe_recompile pc=0x0000014c27f235ec method=java.util.stream.Sink$ChainedReference.end()V @ 4
Event: 0.830 Thread 0x0000014c26167000 Uncommon trap: reason=bimorphic action=maybe_recompile pc=0x0000014c27f78690 method=java.util.stream.Sink$ChainedReference.cancellationRequested()Z @ 4
Event: 0.830 Thread 0x0000014c26167000 Uncommon trap: reason=bimorphic action=maybe_recompile pc=0x0000014c27f065f8 method=java.util.stream.Sink$ChainedReference.cancellationRequested()Z @ 4
Event: 0.832 Thread 0x0000014c26167000 Uncommon trap: reason=bimorphic action=maybe_recompile pc=0x0000014c27f065f8 method=java.util.stream.Sink$ChainedReference.cancellationRequested()Z @ 4
Event: 0.832 Thread 0x0000014c26167000 Uncommon trap: reason=bimorphic action=maybe_recompile pc=0x0000014c27f065f8 method=java.util.stream.Sink$ChainedReference.cancellationRequested()Z @ 4
Event: 0.833 Thread 0x0000014c26167000 Uncommon trap: reason=unstable_if action=reinterpret pc=0x0000014c27dcec90 method=java.lang.String.lastIndexOf([CII[CIII)I @ 118
Event: 0.833 Thread 0x0000014c26167000 Uncommon trap: reason=unstable_if action=reinterpret pc=0x0000014c27d7b268 method=java.lang.String.lastIndexOf([CII[CIII)I @ 118
Event: 0.834 Thread 0x0000014c26167000 Uncommon trap: reason=bimorphic action=maybe_recompile pc=0x0000014c27f78690 method=java.util.stream.Sink$ChainedReference.cancellationRequested()Z @ 4

Classes redefined (0 events):
No events

Internal exceptions (10 events):
Event: 0.131 Thread 0x0000014c26167000 Exception <a 'java/security/PrivilegedActionException'> (0x000000076abcc2b8) thrown at [C:\jenkins\workspace\8-2-build-windows-amd64-cygwin\jdk8u333\2551\hotspot\src\share\vm\prims\jvm.cpp, line 1523]
Event: 0.166 Thread 0x0000014c26167000 Exception <a 'java/lang/NoSuchFieldError': method resolution failed> (0x000000076adea260) thrown at [C:\jenkins\workspace\8-2-build-windows-amd64-cygwin\jdk8u333\2551\hotspot\src\share\vm\prims\methodHandles.cpp, line 1169]
Event: 0.170 Thread 0x0000014c26167000 Exception <a 'java/lang/NoSuchFieldError': method resolution failed> (0x000000076adf7630) thrown at [C:\jenkins\workspace\8-2-build-windows-amd64-cygwin\jdk8u333\2551\hotspot\src\share\vm\prims\methodHandles.cpp, line 1169]
Event: 0.288 Thread 0x0000014c26167000 Implicit null exception at 0x0000014c27d23d5c to 0x0000014c27d23f3d
Event: 0.370 Thread 0x0000014c26167000 Exception <a 'java/lang/IncompatibleClassChangeError': Found class java.lang.Object, but interface was expected> (0x000000076b710e00) thrown at [C:\jenkins\workspace\8-2-build-windows-amd64-cygwin\jdk8u333\2551\hotspot\src\share\vm\interpreter\linkResolve
Event: 0.461 Thread 0x0000014c26167000 Exception <a 'java/lang/NoSuchMethodError': java.lang.Object.lambda$andThen$1(Ljava/util/function/Function;Ljava/lang/Object;)Ljava/lang/Object;> (0x000000076bab4dc8) thrown at [C:\jenkins\workspace\8-2-build-windows-amd64-cygwin\jdk8u333\2551\hotspot\src
Event: 0.684 Thread 0x0000014c26167000 Exception <a 'java/lang/ClassNotFoundException': org/apache/tools/ant/helper/DefaultExecutor> (0x000000076c5868a0) thrown at [C:\jenkins\workspace\8-2-build-windows-amd64-cygwin\jdk8u333\2551\hotspot\src\share\vm\classfile\systemDictionary.cpp, line 212]
Event: 0.810 Thread 0x0000014c26167000 Exception <a 'java/lang/NoSuchMethodError': java.lang.Object.lambda$identity$2(Ljava/lang/Object;)Ljava/lang/Object;> (0x000000076caaf578) thrown at [C:\jenkins\workspace\8-2-build-windows-amd64-cygwin\jdk8u333\2551\hotspot\src\share\vm\interpreter\linkRe
Event: 0.810 Thread 0x0000014c26167000 Exception <a 'java/lang/IncompatibleClassChangeError': Found class java.lang.Object, but interface was expected> (0x000000076cab1ad8) thrown at [C:\jenkins\workspace\8-2-build-windows-amd64-cygwin\jdk8u333\2551\hotspot\src\share\vm\interpreter\linkResolve
Event: 0.830 Thread 0x0000014c26167000 Exception <a 'java/lang/NoSuchMethodError': java.lang.Object.lambda$isEqual$3(Ljava/lang/Object;Ljava/lang/Object;)Z> (0x000000076cb26508) thrown at [C:\jenkins\workspace\8-2-build-windows-amd64-cygwin\jdk8u333\2551\hotspot\src\share\vm\interpreter\linkRe

Events (10 events):
Event: 0.879 loading class org/apache/tools/ant/util/ResourceUtils$ResourceSelectorProvider
Event: 0.879 loading class org/apache/tools/ant/util/ResourceUtils$ResourceSelectorProvider done
Event: 0.879 loading class org/apache/tools/ant/util/ResourceUtils$ResourceSelectorProvider
Event: 0.879 loading class org/apache/tools/ant/util/ResourceUtils$ResourceSelectorProvider done
Event: 0.881 loading class org/apache/tools/ant/types/Resource
Event: 0.881 loading class org/apache/tools/ant/types/Resource done
Event: 0.881 loading class org/apache/tools/ant/types/Resource
Event: 0.881 loading class org/apache/tools/ant/types/Resource done
Event: 0.882 loading class org/apache/tools/ant/types/Resource
Event: 0.882 loading class org/apache/tools/ant/types/Resource done


Dynamic libraries:
0x00007ff64ad30000 - 0x00007ff64ad77000 	C:\Program Files\Java\jdk1.8.0_333\bin\java.exe
0x00007ffd046b0000 - 0x00007ffd048a8000 	C:\WINDOWS\SYSTEM32\ntdll.dll
0x00007ffd02900000 - 0x00007ffd029bf000 	C:\WINDOWS\System32\KERNEL32.DLL
0x00007ffd01ee0000 - 0x00007ffd021d6000 	C:\WINDOWS\System32\KERNELBASE.dll
0x00007ffd030b0000 - 0x00007ffd0315f000 	C:\WINDOWS\System32\ADVAPI32.dll
0x00007ffd03310000 - 0x00007ffd033ae000 	C:\WINDOWS\System32\msvcrt.dll
0x00007ffd03720000 - 0x00007ffd037bc000 	C:\WINDOWS\System32\sechost.dll
0x00007ffd02f20000 - 0x00007ffd03046000 	C:\WINDOWS\System32\RPCRT4.dll
0x00007ffd03580000 - 0x00007ffd0371d000 	C:\WINDOWS\System32\USER32.dll
0x00007ffd02670000 - 0x00007ffd02692000 	C:\WINDOWS\System32\win32u.dll
0x00007ffd03480000 - 0x00007ffd034ac000 	C:\WINDOWS\System32\GDI32.dll
0x00007ffd01dc0000 - 0x00007ffd01ed5000 	C:\WINDOWS\System32\gdi32full.dll
0x00007ffd025d0000 - 0x00007ffd0266d000 	C:\WINDOWS\System32\msvcp_win.dll
0x00007ffd021e0000 - 0x00007ffd022e0000 	C:\WINDOWS\System32\ucrtbase.dll
0x00007ffcff850000 - 0x00007ffcffaea000 	C:\WINDOWS\WinSxS\amd64_microsoft.windows.common-controls_6595b64144ccf1df_6.0.19041.1110_none_60b5254171f9507e\COMCTL32.dll
0x00007ffd03450000 - 0x00007ffd03480000 	C:\WINDOWS\System32\IMM32.DLL
0x00007ffd01ba0000 - 0x00007ffd01bd8000 	C:\Program Files\Citrix\System32\MfApHook64.dll
0x00007ffd01ad0000 - 0x00007ffd01ae2000 	C:\Program Files\Citrix\IcaService\FullScreenHook64.dll
0x00007ffce34d0000 - 0x00007ffce34e5000 	C:\Program Files\Java\jdk1.8.0_333\bin\VCRUNTIME140.dll
0x00007ffd01a20000 - 0x00007ffd01aad000 	C:\WINDOWS\SYSTEM32\MSVCP140.dll
0x00007ffd01a10000 - 0x00007ffd01a1c000 	C:\WINDOWS\SYSTEM32\VCRUNTIME140_1.dll
0x00007ffd015b0000 - 0x00007ffd015da000 	C:\Program Files\Citrix\ICAService\ShellHook64.dll
0x00007ffd03050000 - 0x00007ffd030a5000 	C:\WINDOWS\System32\SHLWAPI.dll
0x00007ffd01480000 - 0x00007ffd0158f000 	C:\Program Files\Citrix\IcaService\SCardHook64.dll
0x00007ffd01190000 - 0x00007ffd011b0000 	C:\Program Files\Citrix\ICAService\cxinjime64.dll
0x00007ffd01160000 - 0x00007ffd01186000 	C:\Program Files\Citrix\ICAService\PicaWtsHook64.dll
0x00007ffce34b0000 - 0x00007ffce34c5000 	C:\Program Files\Java\jdk1.8.0_333\jre\bin\vcruntime140.dll
0x00007ffca0ad0000 - 0x00007ffca0b6b000 	C:\Program Files\Java\jdk1.8.0_333\jre\bin\msvcp140.dll
0x0000000067930000 - 0x0000000068191000 	C:\Program Files\Java\jdk1.8.0_333\jre\bin\server\jvm.dll
0x00007ffd04210000 - 0x00007ffd04218000 	C:\WINDOWS\System32\PSAPI.DLL
0x00007ffce8b20000 - 0x00007ffce8b29000 	C:\WINDOWS\SYSTEM32\WSOCK32.dll
0x00007ffcfaaf0000 - 0x00007ffcfab17000 	C:\WINDOWS\SYSTEM32\WINMM.dll
0x00007ffd01980000 - 0x00007ffd0198a000 	C:\WINDOWS\SYSTEM32\VERSION.dll
0x00007ffd033e0000 - 0x00007ffd0344b000 	C:\WINDOWS\System32\WS2_32.dll
0x00007ffcffda0000 - 0x00007ffcffdb2000 	C:\WINDOWS\SYSTEM32\kernel.appcore.dll
0x00007ffcf7120000 - 0x00007ffcf7130000 	C:\Program Files\Java\jdk1.8.0_333\jre\bin\verify.dll
0x00007ffcafcc0000 - 0x00007ffcafceb000 	C:\Program Files\Java\jdk1.8.0_333\jre\bin\java.dll
0x00007ffcd1fd0000 - 0x00007ffcd1fe8000 	C:\Program Files\Java\jdk1.8.0_333\jre\bin\zip.dll
0x00007ffd03ac0000 - 0x00007ffd04204000 	C:\WINDOWS\System32\SHELL32.dll
0x00007ffcfe280000 - 0x00007ffcfea13000 	C:\WINDOWS\SYSTEM32\windows.storage.dll
0x00007ffd04310000 - 0x00007ffd04664000 	C:\WINDOWS\System32\combase.dll
0x00007ffd00fb0000 - 0x00007ffd00fde000 	C:\WINDOWS\SYSTEM32\Wldp.dll
0x00007ffd03a10000 - 0x00007ffd03abd000 	C:\WINDOWS\System32\SHCORE.dll
0x00007ffd01cd0000 - 0x00007ffd01cef000 	C:\WINDOWS\SYSTEM32\profapi.dll
0x00007ffcb0290000 - 0x00007ffcb02ac000 	C:\Program Files\Java\jdk1.8.0_333\jre\bin\net.dll
0x00007ffd00c50000 - 0x00007ffd00cba000 	C:\WINDOWS\system32\mswsock.dll
0x00007ffcafa80000 - 0x00007ffcafa93000 	C:\Program Files\Java\jdk1.8.0_333\jre\bin\nio.dll
0x00007ffcff3c0000 - 0x00007ffcff5a4000 	C:\WINDOWS\SYSTEM32\dbghelp.dll
0x00007ffd02440000 - 0x00007ffd024c2000 	C:\WINDOWS\System32\bcryptPrimitives.dll

VM Arguments:
jvm_args: -Djava.security.manager=allow -Dant.home=C:\Users\eygftcl\Documents\apache-ant-1.10.13\bin\.. 
java_command: org.apache.tools.ant.launch.Launcher -f build_mck.xml
java_class_path (initial): C:\Users\eygftcl\Documents\apache-ant-1.10.13\bin\..\lib\ant-launcher.jar
Launcher Type: SUN_STANDARD

Environment Variables:
JAVA_HOME=C:\Program Files\Java\jdk1.8.0_333
PATH=C:\Informatica\10.5.2\clients\tools\datadirect;C:\Informatica\10.5.2\clients\tools\odbcdrv;C:\Informatica\10.5.2\clients\tools\jdbcdrv;C:\Informatica\10.5.2\clients\tools\sharedlibs;C:\Program Files (x86)\Common Files\Oracle\Java\javapath;C:\WINDOWS\system32;C:\WINDOWS;C:\WINDOWS\System32\Wbem;C:\WINDOWS\System32\WindowsPowerShell\v1.0\;C:\WINDOWS\System32\OpenSSH\;C:\Program Files\Citrix\System32\;C:\Program Files\Citrix\ICAService\;C:\Program Files\PuTTY\;C:\Users\eygftcl\Documents\apache-ant-1.10.13\bin;C:\Users\eygftcl\AppData\Local\Microsoft\WindowsApps;
USERNAME=eygftcl
OS=Windows_NT
PROCESSOR_IDENTIFIER=Intel64 Family 6 Model 85 Stepping 4, GenuineIntel



---------------  S Y S T E M  ---------------

OS: Windows 10 , 64 bit Build 19041 (10.0.19041.3031)

CPU:total 4 (initial active 4) (4 cores per cpu, 1 threads per core) family 6 model 85 stepping 4, cmov, cx8, fxsr, mmx, sse, sse2, sse3, ssse3, sse4.1, sse4.2, popcnt, avx, avx2, aes, clmul, erms, rtm, 3dnowpref, lzcnt, tsc, bmi1, bmi2, adx

Memory: 4k page, physical 16776756k(5421516k free), swap 20970800k(5156k free)

vm_info: Java HotSpot(TM) 64-Bit Server VM (25.333-b02) for windows-amd64 JRE (1.8.0_333-b02), built on Apr 25 2022 22:49:11 by "java_re" with MS VC++ 15.9 (VS2017)

time: Wed Jul  5 18:48:09 2023
timezone: Eastern Daylight Time
elapsed time: 0.919251 seconds (0d 0h 0m 0s)

